<?xml version="1.0" encoding="UTF-8"?>
<coverage generated="1645403913558" clover="3.2.0">
  <project timestamp="1645403913558" name="All files">
    <metrics statements="85" coveredstatements="85" conditionals="38" coveredconditionals="38" methods="11" coveredmethods="11" elements="134" coveredelements="134" complexity="0" loc="85" ncloc="85" packages="1" files="2" classes="2"/>
    <file name="grid.js" path="/Users/jadlp/repos/coding-challenges/multiverse/src/classes/grid.js">
      <metrics statements="10" coveredstatements="10" conditionals="2" coveredconditionals="2" methods="2" coveredmethods="2"/>
      <line num="5" count="8" type="stmt"/>
      <line num="6" count="4" type="stmt"/>
      <line num="7" count="4" type="stmt"/>
      <line num="13" count="8" type="stmt"/>
      <line num="14" count="8" type="stmt"/>
      <line num="16" count="8" type="cond" truecount="2" falsecount="0"/>
      <line num="18" count="4" type="stmt"/>
      <line num="20" count="4" type="stmt"/>
      <line num="22" count="4" type="stmt"/>
      <line num="28" count="1" type="stmt"/>
    </file>
    <file name="rover.js" path="/Users/jadlp/repos/coding-challenges/multiverse/src/classes/rover.js">
      <metrics statements="75" coveredstatements="75" conditionals="36" coveredconditionals="36" methods="9" coveredmethods="9"/>
      <line num="3" count="28" type="stmt"/>
      <line num="5" count="21" type="cond" truecount="2" falsecount="0"/>
      <line num="6" count="1" type="stmt"/>
      <line num="10" count="20" type="stmt"/>
      <line num="11" count="20" type="stmt"/>
      <line num="12" count="20" type="stmt"/>
      <line num="13" count="20" type="stmt"/>
      <line num="14" count="20" type="stmt"/>
      <line num="21" count="28" type="stmt"/>
      <line num="22" count="28" type="stmt"/>
      <line num="24" count="28" type="cond" truecount="2" falsecount="0"/>
      <line num="25" count="7" type="stmt"/>
      <line num="29" count="21" type="stmt"/>
      <line num="32" count="21" type="stmt"/>
      <line num="35" count="21" type="stmt"/>
      <line num="40" count="21" type="stmt"/>
      <line num="41" count="21" type="stmt"/>
      <line num="42" count="21" type="stmt"/>
      <line num="44" count="21" type="stmt"/>
      <line num="48" count="2" type="cond" truecount="2" falsecount="0"/>
      <line num="49" count="9" type="stmt"/>
      <line num="50" count="9" type="stmt"/>
      <line num="53" count="2" type="cond" truecount="2" falsecount="0"/>
      <line num="58" count="23" type="cond" truecount="2" falsecount="0"/>
      <line num="60" count="11" type="stmt"/>
      <line num="62" count="11" type="cond" truecount="2" falsecount="0"/>
      <line num="63" count="3" type="stmt"/>
      <line num="64" count="3" type="stmt"/>
      <line num="68" count="8" type="stmt"/>
      <line num="69" count="12" type="cond" truecount="2" falsecount="0"/>
      <line num="70" count="8" type="stmt"/>
      <line num="72" count="4" type="stmt"/>
      <line num="81" count="11" type="stmt"/>
      <line num="82" count="11" type="stmt"/>
      <line num="84" count="11" type="cond" truecount="4" falsecount="0"/>
      <line num="86" count="3" type="stmt"/>
      <line num="87" count="3" type="stmt"/>
      <line num="89" count="2" type="stmt"/>
      <line num="90" count="2" type="stmt"/>
      <line num="92" count="3" type="stmt"/>
      <line num="93" count="3" type="stmt"/>
      <line num="95" count="3" type="stmt"/>
      <line num="96" count="3" type="stmt"/>
      <line num="100" count="11" type="stmt"/>
      <line num="105" count="32" type="cond" truecount="2" falsecount="0"/>
      <line num="106" count="32" type="cond" truecount="2" falsecount="0"/>
      <line num="108" count="32" type="cond" truecount="2" falsecount="0"/>
      <line num="117" count="8" type="cond" truecount="4" falsecount="0"/>
      <line num="119" count="2" type="stmt"/>
      <line num="120" count="2" type="stmt"/>
      <line num="122" count="2" type="stmt"/>
      <line num="123" count="2" type="stmt"/>
      <line num="125" count="2" type="stmt"/>
      <line num="126" count="2" type="stmt"/>
      <line num="128" count="2" type="stmt"/>
      <line num="129" count="2" type="stmt"/>
      <line num="139" count="8" type="cond" truecount="4" falsecount="0"/>
      <line num="141" count="2" type="stmt"/>
      <line num="142" count="2" type="stmt"/>
      <line num="144" count="2" type="stmt"/>
      <line num="145" count="2" type="stmt"/>
      <line num="147" count="2" type="stmt"/>
      <line num="148" count="2" type="stmt"/>
      <line num="150" count="2" type="stmt"/>
      <line num="151" count="2" type="stmt"/>
      <line num="161" count="4" type="cond" truecount="4" falsecount="0"/>
      <line num="163" count="1" type="stmt"/>
      <line num="164" count="1" type="stmt"/>
      <line num="166" count="1" type="stmt"/>
      <line num="167" count="1" type="stmt"/>
      <line num="169" count="1" type="stmt"/>
      <line num="170" count="1" type="stmt"/>
      <line num="172" count="1" type="stmt"/>
      <line num="173" count="1" type="stmt"/>
      <line num="178" count="1" type="stmt"/>
    </file>
  </project>
</coverage>
