<?xml version="1.0" encoding="UTF-8"?>
<coverage generated="1645227145059" clover="3.2.0">
  <project timestamp="1645227145059" name="All files">
    <metrics statements="85" coveredstatements="85" conditionals="38" coveredconditionals="38" methods="11" coveredmethods="11" elements="134" coveredelements="134" complexity="0" loc="85" ncloc="85" packages="1" files="2" classes="2"/>
    <file name="Grid.js" path="/Users/jadlp/repos/coding-challenges/multiverse/src/classes/Grid.js">
      <metrics statements="10" coveredstatements="10" conditionals="2" coveredconditionals="2" methods="2" coveredmethods="2"/>
      <line num="5" count="8" type="stmt"/>
      <line num="6" count="4" type="stmt"/>
      <line num="7" count="4" type="stmt"/>
      <line num="13" count="8" type="stmt"/>
      <line num="14" count="8" type="stmt"/>
      <line num="16" count="8" type="cond" truecount="2" falsecount="0"/>
      <line num="18" count="4" type="stmt"/>
      <line num="20" count="4" type="stmt"/>
      <line num="22" count="4" type="stmt"/>
      <line num="28" count="1" type="stmt"/>
    </file>
    <file name="Rover.js" path="/Users/jadlp/repos/coding-challenges/multiverse/src/classes/Rover.js">
      <metrics statements="75" coveredstatements="75" conditionals="36" coveredconditionals="36" methods="9" coveredmethods="9"/>
      <line num="3" count="28" type="stmt"/>
      <line num="5" count="21" type="cond" truecount="2" falsecount="0"/>
      <line num="6" count="1" type="stmt"/>
      <line num="9" count="20" type="stmt"/>
      <line num="10" count="20" type="stmt"/>
      <line num="11" count="20" type="stmt"/>
      <line num="12" count="20" type="stmt"/>
      <line num="13" count="20" type="stmt"/>
      <line num="20" count="28" type="stmt"/>
      <line num="21" count="28" type="stmt"/>
      <line num="23" count="28" type="cond" truecount="2" falsecount="0"/>
      <line num="24" count="7" type="stmt"/>
      <line num="28" count="21" type="stmt"/>
      <line num="31" count="21" type="stmt"/>
      <line num="34" count="21" type="stmt"/>
      <line num="39" count="21" type="stmt"/>
      <line num="40" count="21" type="stmt"/>
      <line num="41" count="21" type="stmt"/>
      <line num="43" count="21" type="stmt"/>
      <line num="47" count="2" type="cond" truecount="2" falsecount="0"/>
      <line num="48" count="9" type="stmt"/>
      <line num="49" count="9" type="stmt"/>
      <line num="52" count="2" type="cond" truecount="2" falsecount="0"/>
      <line num="57" count="23" type="cond" truecount="2" falsecount="0"/>
      <line num="59" count="11" type="stmt"/>
      <line num="61" count="11" type="cond" truecount="2" falsecount="0"/>
      <line num="62" count="3" type="stmt"/>
      <line num="63" count="3" type="stmt"/>
      <line num="67" count="8" type="stmt"/>
      <line num="68" count="12" type="cond" truecount="2" falsecount="0"/>
      <line num="69" count="8" type="stmt"/>
      <line num="71" count="4" type="stmt"/>
      <line num="80" count="11" type="stmt"/>
      <line num="81" count="11" type="stmt"/>
      <line num="83" count="11" type="cond" truecount="4" falsecount="0"/>
      <line num="85" count="3" type="stmt"/>
      <line num="86" count="3" type="stmt"/>
      <line num="88" count="2" type="stmt"/>
      <line num="89" count="2" type="stmt"/>
      <line num="91" count="3" type="stmt"/>
      <line num="92" count="3" type="stmt"/>
      <line num="94" count="3" type="stmt"/>
      <line num="95" count="3" type="stmt"/>
      <line num="99" count="11" type="stmt"/>
      <line num="104" count="32" type="cond" truecount="2" falsecount="0"/>
      <line num="105" count="32" type="cond" truecount="2" falsecount="0"/>
      <line num="107" count="32" type="cond" truecount="2" falsecount="0"/>
      <line num="116" count="8" type="cond" truecount="4" falsecount="0"/>
      <line num="118" count="2" type="stmt"/>
      <line num="119" count="2" type="stmt"/>
      <line num="121" count="2" type="stmt"/>
      <line num="122" count="2" type="stmt"/>
      <line num="124" count="2" type="stmt"/>
      <line num="125" count="2" type="stmt"/>
      <line num="127" count="2" type="stmt"/>
      <line num="128" count="2" type="stmt"/>
      <line num="138" count="8" type="cond" truecount="4" falsecount="0"/>
      <line num="140" count="2" type="stmt"/>
      <line num="141" count="2" type="stmt"/>
      <line num="143" count="2" type="stmt"/>
      <line num="144" count="2" type="stmt"/>
      <line num="146" count="2" type="stmt"/>
      <line num="147" count="2" type="stmt"/>
      <line num="149" count="2" type="stmt"/>
      <line num="150" count="2" type="stmt"/>
      <line num="160" count="4" type="cond" truecount="4" falsecount="0"/>
      <line num="162" count="1" type="stmt"/>
      <line num="163" count="1" type="stmt"/>
      <line num="165" count="1" type="stmt"/>
      <line num="166" count="1" type="stmt"/>
      <line num="168" count="1" type="stmt"/>
      <line num="169" count="1" type="stmt"/>
      <line num="171" count="1" type="stmt"/>
      <line num="172" count="1" type="stmt"/>
      <line num="177" count="1" type="stmt"/>
    </file>
  </project>
</coverage>
