{"/Users/jadlp/repos/coding-challenges/multiverse/src/classes/grid.js": {"path":"/Users/jadlp/repos/coding-challenges/multiverse/src/classes/grid.js","statementMap":{"0":{"start":{"line":5,"column":28},"end":{"line":5,"column":54}},"1":{"start":{"line":6,"column":4},"end":{"line":6,"column":25}},"2":{"start":{"line":7,"column":4},"end":{"line":7,"column":23}},"3":{"start":{"line":13,"column":25},"end":{"line":13,"column":38}},"4":{"start":{"line":14,"column":23},"end":{"line":14,"column":55}},"5":{"start":{"line":16,"column":4},"end":{"line":23,"column":5}},"6":{"start":{"line":18,"column":26},"end":{"line":18,"column":45}},"7":{"start":{"line":20,"column":6},"end":{"line":20,"column":63}},"8":{"start":{"line":22,"column":8},"end":{"line":22,"column":90}},"9":{"start":{"line":28,"column":0},"end":{"line":28,"column":22}}},"fnMap":{"0":{"name":"(anonymous_0)","decl":{"start":{"line":4,"column":2},"end":{"line":4,"column":3}},"loc":{"start":{"line":4,"column":22},"end":{"line":8,"column":3}},"line":4},"1":{"name":"(anonymous_1)","decl":{"start":{"line":10,"column":2},"end":{"line":10,"column":3}},"loc":{"start":{"line":10,"column":31},"end":{"line":25,"column":3}},"line":10}},"branchMap":{"0":{"loc":{"start":{"line":16,"column":4},"end":{"line":23,"column":5}},"type":"if","locations":[{"start":{"line":16,"column":4},"end":{"line":23,"column":5}},{"start":{"line":21,"column":11},"end":{"line":23,"column":5}}],"line":16}},"s":{"0":8,"1":4,"2":4,"3":8,"4":8,"5":8,"6":4,"7":4,"8":4,"9":1},"f":{"0":8,"1":8},"b":{"0":[4,4]},"_coverageSchema":"1a1c01bbd47fc00a2c39e90264f33305004495a9","hash":"70a42f05a6579351e95e984391bd2c61105540c1"}
,"/Users/jadlp/repos/coding-challenges/multiverse/src/classes/rover.js": {"path":"/Users/jadlp/repos/coding-challenges/multiverse/src/classes/rover.js","statementMap":{"0":{"start":{"line":3,"column":42},"end":{"line":3,"column":69}},"1":{"start":{"line":5,"column":4},"end":{"line":7,"column":5}},"2":{"start":{"line":6,"column":6},"end":{"line":6,"column":69}},"3":{"start":{"line":10,"column":4},"end":{"line":10,"column":15}},"4":{"start":{"line":11,"column":4},"end":{"line":11,"column":15}},"5":{"start":{"line":12,"column":4},"end":{"line":12,"column":35}},"6":{"start":{"line":13,"column":4},"end":{"line":13,"column":29}},"7":{"start":{"line":14,"column":4},"end":{"line":14,"column":22}},"8":{"start":{"line":21,"column":25},"end":{"line":21,"column":38}},"9":{"start":{"line":22,"column":24},"end":{"line":22,"column":100}},"10":{"start":{"line":24,"column":4},"end":{"line":26,"column":5}},"11":{"start":{"line":25,"column":6},"end":{"line":25,"column":54}},"12":{"start":{"line":29,"column":24},"end":{"line":29,"column":54}},"13":{"start":{"line":32,"column":21},"end":{"line":32,"column":59}},"14":{"start":{"line":35,"column":29},"end":{"line":35,"column":60}},"15":{"start":{"line":40,"column":14},"end":{"line":40,"column":59}},"16":{"start":{"line":41,"column":14},"end":{"line":41,"column":41}},"17":{"start":{"line":42,"column":24},"end":{"line":42,"column":57}},"18":{"start":{"line":44,"column":4},"end":{"line":44,"column":41}},"19":{"start":{"line":48,"column":4},"end":{"line":51,"column":5}},"20":{"start":{"line":49,"column":22},"end":{"line":49,"column":43}},"21":{"start":{"line":50,"column":6},"end":{"line":50,"column":48}},"22":{"start":{"line":53,"column":4},"end":{"line":53,"column":90}},"23":{"start":{"line":58,"column":4},"end":{"line":73,"column":5}},"24":{"start":{"line":60,"column":21},"end":{"line":60,"column":60}},"25":{"start":{"line":62,"column":6},"end":{"line":65,"column":7}},"26":{"start":{"line":63,"column":8},"end":{"line":63,"column":25}},"27":{"start":{"line":64,"column":8},"end":{"line":64,"column":14}},"28":{"start":{"line":68,"column":6},"end":{"line":68,"column":25}},"29":{"start":{"line":69,"column":11},"end":{"line":73,"column":5}},"30":{"start":{"line":70,"column":6},"end":{"line":70,"column":23}},"31":{"start":{"line":72,"column":6},"end":{"line":72,"column":22}},"32":{"start":{"line":81,"column":12},"end":{"line":81,"column":18}},"33":{"start":{"line":82,"column":12},"end":{"line":82,"column":18}},"34":{"start":{"line":84,"column":4},"end":{"line":97,"column":5}},"35":{"start":{"line":86,"column":8},"end":{"line":86,"column":15}},"36":{"start":{"line":87,"column":8},"end":{"line":87,"column":14}},"37":{"start":{"line":89,"column":8},"end":{"line":89,"column":15}},"38":{"start":{"line":90,"column":8},"end":{"line":90,"column":14}},"39":{"start":{"line":92,"column":8},"end":{"line":92,"column":15}},"40":{"start":{"line":93,"column":8},"end":{"line":93,"column":14}},"41":{"start":{"line":95,"column":8},"end":{"line":95,"column":15}},"42":{"start":{"line":96,"column":8},"end":{"line":96,"column":14}},"43":{"start":{"line":100,"column":4},"end":{"line":100,"column":62}},"44":{"start":{"line":105,"column":27},"end":{"line":105,"column":52}},"45":{"start":{"line":106,"column":27},"end":{"line":106,"column":51}},"46":{"start":{"line":108,"column":4},"end":{"line":108,"column":47}},"47":{"start":{"line":117,"column":4},"end":{"line":130,"column":5}},"48":{"start":{"line":119,"column":8},"end":{"line":119,"column":20}},"49":{"start":{"line":120,"column":8},"end":{"line":120,"column":14}},"50":{"start":{"line":122,"column":8},"end":{"line":122,"column":20}},"51":{"start":{"line":123,"column":8},"end":{"line":123,"column":14}},"52":{"start":{"line":125,"column":8},"end":{"line":125,"column":20}},"53":{"start":{"line":126,"column":8},"end":{"line":126,"column":14}},"54":{"start":{"line":128,"column":8},"end":{"line":128,"column":20}},"55":{"start":{"line":129,"column":8},"end":{"line":129,"column":14}},"56":{"start":{"line":139,"column":4},"end":{"line":152,"column":5}},"57":{"start":{"line":141,"column":8},"end":{"line":141,"column":31}},"58":{"start":{"line":142,"column":8},"end":{"line":142,"column":14}},"59":{"start":{"line":144,"column":10},"end":{"line":144,"column":33}},"60":{"start":{"line":145,"column":10},"end":{"line":145,"column":16}},"61":{"start":{"line":147,"column":8},"end":{"line":147,"column":31}},"62":{"start":{"line":148,"column":8},"end":{"line":148,"column":14}},"63":{"start":{"line":150,"column":8},"end":{"line":150,"column":31}},"64":{"start":{"line":151,"column":8},"end":{"line":151,"column":14}},"65":{"start":{"line":161,"column":4},"end":{"line":174,"column":5}},"66":{"start":{"line":163,"column":8},"end":{"line":163,"column":31}},"67":{"start":{"line":164,"column":8},"end":{"line":164,"column":14}},"68":{"start":{"line":166,"column":8},"end":{"line":166,"column":31}},"69":{"start":{"line":167,"column":8},"end":{"line":167,"column":14}},"70":{"start":{"line":169,"column":8},"end":{"line":169,"column":31}},"71":{"start":{"line":170,"column":8},"end":{"line":170,"column":14}},"72":{"start":{"line":172,"column":8},"end":{"line":172,"column":31}},"73":{"start":{"line":173,"column":8},"end":{"line":173,"column":14}},"74":{"start":{"line":178,"column":0},"end":{"line":178,"column":23}}},"fnMap":{"0":{"name":"(anonymous_0)","decl":{"start":{"line":2,"column":2},"end":{"line":2,"column":3}},"loc":{"start":{"line":2,"column":45},"end":{"line":15,"column":3}},"line":2},"1":{"name":"(anonymous_1)","decl":{"start":{"line":17,"column":2},"end":{"line":17,"column":3}},"loc":{"start":{"line":17,"column":31},"end":{"line":45,"column":3}},"line":17},"2":{"name":"(anonymous_2)","decl":{"start":{"line":47,"column":2},"end":{"line":47,"column":3}},"loc":{"start":{"line":47,"column":41},"end":{"line":54,"column":3}},"line":47},"3":{"name":"(anonymous_3)","decl":{"start":{"line":56,"column":2},"end":{"line":56,"column":3}},"loc":{"start":{"line":56,"column":39},"end":{"line":74,"column":3}},"line":56},"4":{"name":"(anonymous_4)","decl":{"start":{"line":76,"column":2},"end":{"line":76,"column":3}},"loc":{"start":{"line":76,"column":37},"end":{"line":101,"column":3}},"line":76},"5":{"name":"(anonymous_5)","decl":{"start":{"line":103,"column":2},"end":{"line":103,"column":3}},"loc":{"start":{"line":103,"column":54},"end":{"line":109,"column":3}},"line":103},"6":{"name":"(anonymous_6)","decl":{"start":{"line":111,"column":2},"end":{"line":111,"column":3}},"loc":{"start":{"line":111,"column":16},"end":{"line":131,"column":3}},"line":111},"7":{"name":"(anonymous_7)","decl":{"start":{"line":133,"column":2},"end":{"line":133,"column":3}},"loc":{"start":{"line":133,"column":14},"end":{"line":153,"column":3}},"line":133},"8":{"name":"(anonymous_8)","decl":{"start":{"line":155,"column":2},"end":{"line":155,"column":3}},"loc":{"start":{"line":155,"column":13},"end":{"line":175,"column":3}},"line":155}},"branchMap":{"0":{"loc":{"start":{"line":5,"column":4},"end":{"line":7,"column":5}},"type":"if","locations":[{"start":{"line":5,"column":4},"end":{"line":7,"column":5}},{"start":{},"end":{}}],"line":5},"1":{"loc":{"start":{"line":24,"column":4},"end":{"line":26,"column":5}},"type":"if","locations":[{"start":{"line":24,"column":4},"end":{"line":26,"column":5}},{"start":{},"end":{}}],"line":24},"2":{"loc":{"start":{"line":48,"column":11},"end":{"line":48,"column":49}},"type":"binary-expr","locations":[{"start":{"line":48,"column":11},"end":{"line":48,"column":35}},{"start":{"line":48,"column":39},"end":{"line":48,"column":49}}],"line":48},"3":{"loc":{"start":{"line":53,"column":62},"end":{"line":53,"column":86}},"type":"cond-expr","locations":[{"start":{"line":53,"column":74},"end":{"line":53,"column":81}},{"start":{"line":53,"column":84},"end":{"line":53,"column":86}}],"line":53},"4":{"loc":{"start":{"line":58,"column":4},"end":{"line":73,"column":5}},"type":"if","locations":[{"start":{"line":58,"column":4},"end":{"line":73,"column":5}},{"start":{"line":69,"column":11},"end":{"line":73,"column":5}}],"line":58},"5":{"loc":{"start":{"line":62,"column":6},"end":{"line":65,"column":7}},"type":"if","locations":[{"start":{"line":62,"column":6},"end":{"line":65,"column":7}},{"start":{},"end":{}}],"line":62},"6":{"loc":{"start":{"line":69,"column":11},"end":{"line":73,"column":5}},"type":"if","locations":[{"start":{"line":69,"column":11},"end":{"line":73,"column":5}},{"start":{"line":71,"column":11},"end":{"line":73,"column":5}}],"line":69},"7":{"loc":{"start":{"line":84,"column":4},"end":{"line":97,"column":5}},"type":"switch","locations":[{"start":{"line":85,"column":6},"end":{"line":87,"column":14}},{"start":{"line":88,"column":6},"end":{"line":90,"column":14}},{"start":{"line":91,"column":6},"end":{"line":93,"column":14}},{"start":{"line":94,"column":6},"end":{"line":96,"column":14}}],"line":84},"8":{"loc":{"start":{"line":105,"column":27},"end":{"line":105,"column":52}},"type":"binary-expr","locations":[{"start":{"line":105,"column":27},"end":{"line":105,"column":33}},{"start":{"line":105,"column":37},"end":{"line":105,"column":52}}],"line":105},"9":{"loc":{"start":{"line":106,"column":27},"end":{"line":106,"column":51}},"type":"binary-expr","locations":[{"start":{"line":106,"column":27},"end":{"line":106,"column":33}},{"start":{"line":106,"column":37},"end":{"line":106,"column":51}}],"line":106},"10":{"loc":{"start":{"line":108,"column":13},"end":{"line":108,"column":45}},"type":"binary-expr","locations":[{"start":{"line":108,"column":13},"end":{"line":108,"column":27}},{"start":{"line":108,"column":31},"end":{"line":108,"column":45}}],"line":108},"11":{"loc":{"start":{"line":117,"column":4},"end":{"line":130,"column":5}},"type":"switch","locations":[{"start":{"line":118,"column":6},"end":{"line":120,"column":14}},{"start":{"line":121,"column":6},"end":{"line":123,"column":14}},{"start":{"line":124,"column":6},"end":{"line":126,"column":14}},{"start":{"line":127,"column":6},"end":{"line":129,"column":14}}],"line":117},"12":{"loc":{"start":{"line":139,"column":4},"end":{"line":152,"column":5}},"type":"switch","locations":[{"start":{"line":140,"column":6},"end":{"line":142,"column":14}},{"start":{"line":143,"column":8},"end":{"line":145,"column":16}},{"start":{"line":146,"column":6},"end":{"line":148,"column":14}},{"start":{"line":149,"column":6},"end":{"line":151,"column":14}}],"line":139},"13":{"loc":{"start":{"line":161,"column":4},"end":{"line":174,"column":5}},"type":"switch","locations":[{"start":{"line":162,"column":6},"end":{"line":164,"column":14}},{"start":{"line":165,"column":6},"end":{"line":167,"column":14}},{"start":{"line":168,"column":6},"end":{"line":170,"column":14}},{"start":{"line":171,"column":6},"end":{"line":173,"column":14}}],"line":161}},"s":{"0":28,"1":21,"2":1,"3":20,"4":20,"5":20,"6":20,"7":20,"8":28,"9":28,"10":28,"11":7,"12":21,"13":21,"14":21,"15":21,"16":21,"17":21,"18":21,"19":2,"20":9,"21":9,"22":2,"23":23,"24":11,"25":11,"26":3,"27":3,"28":8,"29":12,"30":8,"31":4,"32":11,"33":11,"34":11,"35":3,"36":3,"37":2,"38":2,"39":3,"40":3,"41":3,"42":3,"43":11,"44":32,"45":32,"46":32,"47":8,"48":2,"49":2,"50":2,"51":2,"52":2,"53":2,"54":2,"55":2,"56":8,"57":2,"58":2,"59":2,"60":2,"61":2,"62":2,"63":2,"64":2,"65":4,"66":1,"67":1,"68":1,"69":1,"70":1,"71":1,"72":1,"73":1,"74":1},"f":{"0":28,"1":28,"2":2,"3":23,"4":11,"5":32,"6":8,"7":8,"8":4},"b":{"0":[1,20],"1":[7,21],"2":[11,10],"3":[1,1],"4":[11,12],"5":[3,8],"6":[8,4],"7":[3,2,3,3],"8":[32,31],"9":[32,32],"10":[32,29],"11":[2,2,2,2],"12":[2,2,2,2],"13":[1,1,1,1]},"_coverageSchema":"1a1c01bbd47fc00a2c39e90264f33305004495a9","hash":"4d63734507e73f2e27e682dea3289173ba1e2650"}
}
