{"/Users/jadlp/repos/coding-challenges/multiverse/src/classes/Grid.js": {"path":"/Users/jadlp/repos/coding-challenges/multiverse/src/classes/Grid.js","statementMap":{"0":{"start":{"line":5,"column":28},"end":{"line":5,"column":54}},"1":{"start":{"line":6,"column":4},"end":{"line":6,"column":25}},"2":{"start":{"line":7,"column":4},"end":{"line":7,"column":23}},"3":{"start":{"line":13,"column":25},"end":{"line":13,"column":38}},"4":{"start":{"line":14,"column":23},"end":{"line":14,"column":55}},"5":{"start":{"line":16,"column":4},"end":{"line":23,"column":5}},"6":{"start":{"line":18,"column":26},"end":{"line":18,"column":45}},"7":{"start":{"line":20,"column":6},"end":{"line":20,"column":63}},"8":{"start":{"line":22,"column":6},"end":{"line":22,"column":88}},"9":{"start":{"line":28,"column":0},"end":{"line":28,"column":22}}},"fnMap":{"0":{"name":"(anonymous_0)","decl":{"start":{"line":4,"column":2},"end":{"line":4,"column":3}},"loc":{"start":{"line":4,"column":22},"end":{"line":8,"column":3}},"line":4},"1":{"name":"(anonymous_1)","decl":{"start":{"line":10,"column":2},"end":{"line":10,"column":3}},"loc":{"start":{"line":10,"column":31},"end":{"line":25,"column":3}},"line":10}},"branchMap":{"0":{"loc":{"start":{"line":16,"column":4},"end":{"line":23,"column":5}},"type":"if","locations":[{"start":{"line":16,"column":4},"end":{"line":23,"column":5}},{"start":{"line":21,"column":11},"end":{"line":23,"column":5}}],"line":16}},"s":{"0":8,"1":4,"2":4,"3":8,"4":8,"5":8,"6":4,"7":4,"8":4,"9":1},"f":{"0":8,"1":8},"b":{"0":[4,4]},"_coverageSchema":"1a1c01bbd47fc00a2c39e90264f33305004495a9","hash":"9d92d914069f960dfbdd6303882026b1656b64d7"}
,"/Users/jadlp/repos/coding-challenges/multiverse/src/classes/Rover.js": {"path":"/Users/jadlp/repos/coding-challenges/multiverse/src/classes/Rover.js","statementMap":{"0":{"start":{"line":3,"column":42},"end":{"line":3,"column":69}},"1":{"start":{"line":5,"column":4},"end":{"line":7,"column":5}},"2":{"start":{"line":6,"column":6},"end":{"line":6,"column":69}},"3":{"start":{"line":9,"column":4},"end":{"line":9,"column":15}},"4":{"start":{"line":10,"column":4},"end":{"line":10,"column":15}},"5":{"start":{"line":11,"column":4},"end":{"line":11,"column":35}},"6":{"start":{"line":12,"column":4},"end":{"line":12,"column":29}},"7":{"start":{"line":13,"column":4},"end":{"line":13,"column":22}},"8":{"start":{"line":20,"column":25},"end":{"line":20,"column":38}},"9":{"start":{"line":21,"column":24},"end":{"line":21,"column":100}},"10":{"start":{"line":23,"column":4},"end":{"line":25,"column":5}},"11":{"start":{"line":24,"column":6},"end":{"line":24,"column":69}},"12":{"start":{"line":28,"column":24},"end":{"line":28,"column":54}},"13":{"start":{"line":31,"column":21},"end":{"line":31,"column":59}},"14":{"start":{"line":34,"column":29},"end":{"line":34,"column":60}},"15":{"start":{"line":39,"column":14},"end":{"line":39,"column":59}},"16":{"start":{"line":40,"column":14},"end":{"line":40,"column":41}},"17":{"start":{"line":41,"column":24},"end":{"line":41,"column":57}},"18":{"start":{"line":43,"column":4},"end":{"line":43,"column":41}},"19":{"start":{"line":47,"column":4},"end":{"line":50,"column":5}},"20":{"start":{"line":48,"column":22},"end":{"line":48,"column":43}},"21":{"start":{"line":49,"column":6},"end":{"line":49,"column":48}},"22":{"start":{"line":52,"column":4},"end":{"line":52,"column":90}},"23":{"start":{"line":57,"column":4},"end":{"line":72,"column":5}},"24":{"start":{"line":59,"column":21},"end":{"line":59,"column":60}},"25":{"start":{"line":61,"column":6},"end":{"line":64,"column":7}},"26":{"start":{"line":62,"column":8},"end":{"line":62,"column":25}},"27":{"start":{"line":63,"column":8},"end":{"line":63,"column":14}},"28":{"start":{"line":67,"column":6},"end":{"line":67,"column":25}},"29":{"start":{"line":68,"column":11},"end":{"line":72,"column":5}},"30":{"start":{"line":69,"column":6},"end":{"line":69,"column":23}},"31":{"start":{"line":71,"column":6},"end":{"line":71,"column":22}},"32":{"start":{"line":80,"column":12},"end":{"line":80,"column":18}},"33":{"start":{"line":81,"column":12},"end":{"line":81,"column":18}},"34":{"start":{"line":83,"column":4},"end":{"line":96,"column":5}},"35":{"start":{"line":85,"column":8},"end":{"line":85,"column":15}},"36":{"start":{"line":86,"column":8},"end":{"line":86,"column":14}},"37":{"start":{"line":88,"column":8},"end":{"line":88,"column":15}},"38":{"start":{"line":89,"column":8},"end":{"line":89,"column":14}},"39":{"start":{"line":91,"column":8},"end":{"line":91,"column":15}},"40":{"start":{"line":92,"column":8},"end":{"line":92,"column":14}},"41":{"start":{"line":94,"column":8},"end":{"line":94,"column":15}},"42":{"start":{"line":95,"column":8},"end":{"line":95,"column":14}},"43":{"start":{"line":99,"column":4},"end":{"line":99,"column":62}},"44":{"start":{"line":104,"column":27},"end":{"line":104,"column":52}},"45":{"start":{"line":105,"column":27},"end":{"line":105,"column":51}},"46":{"start":{"line":107,"column":4},"end":{"line":107,"column":47}},"47":{"start":{"line":116,"column":4},"end":{"line":129,"column":5}},"48":{"start":{"line":118,"column":8},"end":{"line":118,"column":20}},"49":{"start":{"line":119,"column":8},"end":{"line":119,"column":14}},"50":{"start":{"line":121,"column":8},"end":{"line":121,"column":20}},"51":{"start":{"line":122,"column":8},"end":{"line":122,"column":14}},"52":{"start":{"line":124,"column":8},"end":{"line":124,"column":20}},"53":{"start":{"line":125,"column":8},"end":{"line":125,"column":14}},"54":{"start":{"line":127,"column":8},"end":{"line":127,"column":20}},"55":{"start":{"line":128,"column":8},"end":{"line":128,"column":14}},"56":{"start":{"line":138,"column":4},"end":{"line":151,"column":5}},"57":{"start":{"line":140,"column":8},"end":{"line":140,"column":31}},"58":{"start":{"line":141,"column":8},"end":{"line":141,"column":14}},"59":{"start":{"line":143,"column":10},"end":{"line":143,"column":33}},"60":{"start":{"line":144,"column":10},"end":{"line":144,"column":16}},"61":{"start":{"line":146,"column":8},"end":{"line":146,"column":31}},"62":{"start":{"line":147,"column":8},"end":{"line":147,"column":14}},"63":{"start":{"line":149,"column":8},"end":{"line":149,"column":31}},"64":{"start":{"line":150,"column":8},"end":{"line":150,"column":14}},"65":{"start":{"line":160,"column":4},"end":{"line":173,"column":5}},"66":{"start":{"line":162,"column":8},"end":{"line":162,"column":31}},"67":{"start":{"line":163,"column":8},"end":{"line":163,"column":14}},"68":{"start":{"line":165,"column":8},"end":{"line":165,"column":31}},"69":{"start":{"line":166,"column":8},"end":{"line":166,"column":14}},"70":{"start":{"line":168,"column":8},"end":{"line":168,"column":31}},"71":{"start":{"line":169,"column":8},"end":{"line":169,"column":14}},"72":{"start":{"line":171,"column":8},"end":{"line":171,"column":31}},"73":{"start":{"line":172,"column":8},"end":{"line":172,"column":14}},"74":{"start":{"line":177,"column":0},"end":{"line":177,"column":23}}},"fnMap":{"0":{"name":"(anonymous_0)","decl":{"start":{"line":2,"column":2},"end":{"line":2,"column":3}},"loc":{"start":{"line":2,"column":45},"end":{"line":14,"column":3}},"line":2},"1":{"name":"(anonymous_1)","decl":{"start":{"line":16,"column":2},"end":{"line":16,"column":3}},"loc":{"start":{"line":16,"column":31},"end":{"line":44,"column":3}},"line":16},"2":{"name":"(anonymous_2)","decl":{"start":{"line":46,"column":2},"end":{"line":46,"column":3}},"loc":{"start":{"line":46,"column":41},"end":{"line":53,"column":3}},"line":46},"3":{"name":"(anonymous_3)","decl":{"start":{"line":55,"column":2},"end":{"line":55,"column":3}},"loc":{"start":{"line":55,"column":39},"end":{"line":73,"column":3}},"line":55},"4":{"name":"(anonymous_4)","decl":{"start":{"line":75,"column":2},"end":{"line":75,"column":3}},"loc":{"start":{"line":75,"column":37},"end":{"line":100,"column":3}},"line":75},"5":{"name":"(anonymous_5)","decl":{"start":{"line":102,"column":2},"end":{"line":102,"column":3}},"loc":{"start":{"line":102,"column":54},"end":{"line":108,"column":3}},"line":102},"6":{"name":"(anonymous_6)","decl":{"start":{"line":110,"column":2},"end":{"line":110,"column":3}},"loc":{"start":{"line":110,"column":16},"end":{"line":130,"column":3}},"line":110},"7":{"name":"(anonymous_7)","decl":{"start":{"line":132,"column":2},"end":{"line":132,"column":3}},"loc":{"start":{"line":132,"column":14},"end":{"line":152,"column":3}},"line":132},"8":{"name":"(anonymous_8)","decl":{"start":{"line":154,"column":2},"end":{"line":154,"column":3}},"loc":{"start":{"line":154,"column":13},"end":{"line":174,"column":3}},"line":154}},"branchMap":{"0":{"loc":{"start":{"line":5,"column":4},"end":{"line":7,"column":5}},"type":"if","locations":[{"start":{"line":5,"column":4},"end":{"line":7,"column":5}},{"start":{},"end":{}}],"line":5},"1":{"loc":{"start":{"line":23,"column":4},"end":{"line":25,"column":5}},"type":"if","locations":[{"start":{"line":23,"column":4},"end":{"line":25,"column":5}},{"start":{},"end":{}}],"line":23},"2":{"loc":{"start":{"line":47,"column":11},"end":{"line":47,"column":49}},"type":"binary-expr","locations":[{"start":{"line":47,"column":11},"end":{"line":47,"column":35}},{"start":{"line":47,"column":39},"end":{"line":47,"column":49}}],"line":47},"3":{"loc":{"start":{"line":52,"column":62},"end":{"line":52,"column":86}},"type":"cond-expr","locations":[{"start":{"line":52,"column":74},"end":{"line":52,"column":81}},{"start":{"line":52,"column":84},"end":{"line":52,"column":86}}],"line":52},"4":{"loc":{"start":{"line":57,"column":4},"end":{"line":72,"column":5}},"type":"if","locations":[{"start":{"line":57,"column":4},"end":{"line":72,"column":5}},{"start":{"line":68,"column":11},"end":{"line":72,"column":5}}],"line":57},"5":{"loc":{"start":{"line":61,"column":6},"end":{"line":64,"column":7}},"type":"if","locations":[{"start":{"line":61,"column":6},"end":{"line":64,"column":7}},{"start":{},"end":{}}],"line":61},"6":{"loc":{"start":{"line":68,"column":11},"end":{"line":72,"column":5}},"type":"if","locations":[{"start":{"line":68,"column":11},"end":{"line":72,"column":5}},{"start":{"line":70,"column":11},"end":{"line":72,"column":5}}],"line":68},"7":{"loc":{"start":{"line":83,"column":4},"end":{"line":96,"column":5}},"type":"switch","locations":[{"start":{"line":84,"column":6},"end":{"line":86,"column":14}},{"start":{"line":87,"column":6},"end":{"line":89,"column":14}},{"start":{"line":90,"column":6},"end":{"line":92,"column":14}},{"start":{"line":93,"column":6},"end":{"line":95,"column":14}}],"line":83},"8":{"loc":{"start":{"line":104,"column":27},"end":{"line":104,"column":52}},"type":"binary-expr","locations":[{"start":{"line":104,"column":27},"end":{"line":104,"column":33}},{"start":{"line":104,"column":37},"end":{"line":104,"column":52}}],"line":104},"9":{"loc":{"start":{"line":105,"column":27},"end":{"line":105,"column":51}},"type":"binary-expr","locations":[{"start":{"line":105,"column":27},"end":{"line":105,"column":33}},{"start":{"line":105,"column":37},"end":{"line":105,"column":51}}],"line":105},"10":{"loc":{"start":{"line":107,"column":13},"end":{"line":107,"column":45}},"type":"binary-expr","locations":[{"start":{"line":107,"column":13},"end":{"line":107,"column":27}},{"start":{"line":107,"column":31},"end":{"line":107,"column":45}}],"line":107},"11":{"loc":{"start":{"line":116,"column":4},"end":{"line":129,"column":5}},"type":"switch","locations":[{"start":{"line":117,"column":6},"end":{"line":119,"column":14}},{"start":{"line":120,"column":6},"end":{"line":122,"column":14}},{"start":{"line":123,"column":6},"end":{"line":125,"column":14}},{"start":{"line":126,"column":6},"end":{"line":128,"column":14}}],"line":116},"12":{"loc":{"start":{"line":138,"column":4},"end":{"line":151,"column":5}},"type":"switch","locations":[{"start":{"line":139,"column":6},"end":{"line":141,"column":14}},{"start":{"line":142,"column":8},"end":{"line":144,"column":16}},{"start":{"line":145,"column":6},"end":{"line":147,"column":14}},{"start":{"line":148,"column":6},"end":{"line":150,"column":14}}],"line":138},"13":{"loc":{"start":{"line":160,"column":4},"end":{"line":173,"column":5}},"type":"switch","locations":[{"start":{"line":161,"column":6},"end":{"line":163,"column":14}},{"start":{"line":164,"column":6},"end":{"line":166,"column":14}},{"start":{"line":167,"column":6},"end":{"line":169,"column":14}},{"start":{"line":170,"column":6},"end":{"line":172,"column":14}}],"line":160}},"s":{"0":28,"1":21,"2":1,"3":20,"4":20,"5":20,"6":20,"7":20,"8":28,"9":28,"10":28,"11":7,"12":21,"13":21,"14":21,"15":21,"16":21,"17":21,"18":21,"19":2,"20":9,"21":9,"22":2,"23":23,"24":11,"25":11,"26":3,"27":3,"28":8,"29":12,"30":8,"31":4,"32":11,"33":11,"34":11,"35":3,"36":3,"37":2,"38":2,"39":3,"40":3,"41":3,"42":3,"43":11,"44":32,"45":32,"46":32,"47":8,"48":2,"49":2,"50":2,"51":2,"52":2,"53":2,"54":2,"55":2,"56":8,"57":2,"58":2,"59":2,"60":2,"61":2,"62":2,"63":2,"64":2,"65":4,"66":1,"67":1,"68":1,"69":1,"70":1,"71":1,"72":1,"73":1,"74":1},"f":{"0":28,"1":28,"2":2,"3":23,"4":11,"5":32,"6":8,"7":8,"8":4},"b":{"0":[1,20],"1":[7,21],"2":[11,10],"3":[1,1],"4":[11,12],"5":[3,8],"6":[8,4],"7":[3,2,3,3],"8":[32,31],"9":[32,32],"10":[32,29],"11":[2,2,2,2],"12":[2,2,2,2],"13":[1,1,1,1]},"_coverageSchema":"1a1c01bbd47fc00a2c39e90264f33305004495a9","hash":"66fb90693df947b8015c0e4799f4652adc554a2b"}
}
