TN:
SF:src/classes/Grid.js
FN:4,(anonymous_0)
FN:10,(anonymous_1)
FNF:2
FNH:2
FNDA:8,(anonymous_0)
FNDA:8,(anonymous_1)
DA:5,8
DA:6,4
DA:7,4
DA:13,8
DA:14,8
DA:16,8
DA:18,4
DA:20,4
DA:22,4
DA:28,1
LF:10
LH:10
BRDA:16,0,0,4
BRDA:16,0,1,4
BRF:2
BRH:2
end_of_record
TN:
SF:src/classes/Rover.js
FN:2,(anonymous_0)
FN:16,(anonymous_1)
FN:46,(anonymous_2)
FN:55,(anonymous_3)
FN:75,(anonymous_4)
FN:102,(anonymous_5)
FN:110,(anonymous_6)
FN:132,(anonymous_7)
FN:154,(anonymous_8)
FNF:9
FNH:9
FNDA:28,(anonymous_0)
FNDA:28,(anonymous_1)
FNDA:2,(anonymous_2)
FNDA:23,(anonymous_3)
FNDA:11,(anonymous_4)
FNDA:32,(anonymous_5)
FNDA:8,(anonymous_6)
FNDA:8,(anonymous_7)
FNDA:4,(anonymous_8)
DA:3,28
DA:5,21
DA:6,1
DA:9,20
DA:10,20
DA:11,20
DA:12,20
DA:13,20
DA:20,28
DA:21,28
DA:23,28
DA:24,7
DA:28,21
DA:31,21
DA:34,21
DA:39,21
DA:40,21
DA:41,21
DA:43,21
DA:47,2
DA:48,9
DA:49,9
DA:52,2
DA:57,23
DA:59,11
DA:61,11
DA:62,3
DA:63,3
DA:67,8
DA:68,12
DA:69,8
DA:71,4
DA:80,11
DA:81,11
DA:83,11
DA:85,3
DA:86,3
DA:88,2
DA:89,2
DA:91,3
DA:92,3
DA:94,3
DA:95,3
DA:99,11
DA:104,32
DA:105,32
DA:107,32
DA:116,8
DA:118,2
DA:119,2
DA:121,2
DA:122,2
DA:124,2
DA:125,2
DA:127,2
DA:128,2
DA:138,8
DA:140,2
DA:141,2
DA:143,2
DA:144,2
DA:146,2
DA:147,2
DA:149,2
DA:150,2
DA:160,4
DA:162,1
DA:163,1
DA:165,1
DA:166,1
DA:168,1
DA:169,1
DA:171,1
DA:172,1
DA:177,1
LF:75
LH:75
BRDA:5,0,0,1
BRDA:5,0,1,20
BRDA:23,1,0,7
BRDA:23,1,1,21
BRDA:47,2,0,11
BRDA:47,2,1,10
BRDA:52,3,0,1
BRDA:52,3,1,1
BRDA:57,4,0,11
BRDA:57,4,1,12
BRDA:61,5,0,3
BRDA:61,5,1,8
BRDA:68,6,0,8
BRDA:68,6,1,4
BRDA:83,7,0,3
BRDA:83,7,1,2
BRDA:83,7,2,3
BRDA:83,7,3,3
BRDA:104,8,0,32
BRDA:104,8,1,31
BRDA:105,9,0,32
BRDA:105,9,1,32
BRDA:107,10,0,32
BRDA:107,10,1,29
BRDA:116,11,0,2
BRDA:116,11,1,2
BRDA:116,11,2,2
BRDA:116,11,3,2
BRDA:138,12,0,2
BRDA:138,12,1,2
BRDA:138,12,2,2
BRDA:138,12,3,2
BRDA:160,13,0,1
BRDA:160,13,1,1
BRDA:160,13,2,1
BRDA:160,13,3,1
BRF:36
BRH:36
end_of_record
