TN:
SF:src/classes/grid.js
FN:4,(anonymous_0)
FN:10,(anonymous_1)
FNF:2
FNH:2
FNDA:8,(anonymous_0)
FNDA:8,(anonymous_1)
DA:5,8
DA:6,4
DA:7,4
DA:13,8
DA:14,8
DA:16,8
DA:18,4
DA:20,4
DA:22,4
DA:28,1
LF:10
LH:10
BRDA:16,0,0,4
BRDA:16,0,1,4
BRF:2
BRH:2
end_of_record
TN:
SF:src/classes/rover.js
FN:2,(anonymous_0)
FN:17,(anonymous_1)
FN:47,(anonymous_2)
FN:56,(anonymous_3)
FN:76,(anonymous_4)
FN:103,(anonymous_5)
FN:111,(anonymous_6)
FN:133,(anonymous_7)
FN:155,(anonymous_8)
FNF:9
FNH:9
FNDA:28,(anonymous_0)
FNDA:28,(anonymous_1)
FNDA:2,(anonymous_2)
FNDA:23,(anonymous_3)
FNDA:11,(anonymous_4)
FNDA:32,(anonymous_5)
FNDA:8,(anonymous_6)
FNDA:8,(anonymous_7)
FNDA:4,(anonymous_8)
DA:3,28
DA:5,21
DA:6,1
DA:10,20
DA:11,20
DA:12,20
DA:13,20
DA:14,20
DA:21,28
DA:22,28
DA:24,28
DA:25,7
DA:29,21
DA:32,21
DA:35,21
DA:40,21
DA:41,21
DA:42,21
DA:44,21
DA:48,2
DA:49,9
DA:50,9
DA:53,2
DA:58,23
DA:60,11
DA:62,11
DA:63,3
DA:64,3
DA:68,8
DA:69,12
DA:70,8
DA:72,4
DA:81,11
DA:82,11
DA:84,11
DA:86,3
DA:87,3
DA:89,2
DA:90,2
DA:92,3
DA:93,3
DA:95,3
DA:96,3
DA:100,11
DA:105,32
DA:106,32
DA:108,32
DA:117,8
DA:119,2
DA:120,2
DA:122,2
DA:123,2
DA:125,2
DA:126,2
DA:128,2
DA:129,2
DA:139,8
DA:141,2
DA:142,2
DA:144,2
DA:145,2
DA:147,2
DA:148,2
DA:150,2
DA:151,2
DA:161,4
DA:163,1
DA:164,1
DA:166,1
DA:167,1
DA:169,1
DA:170,1
DA:172,1
DA:173,1
DA:178,1
LF:75
LH:75
BRDA:5,0,0,1
BRDA:5,0,1,20
BRDA:24,1,0,7
BRDA:24,1,1,21
BRDA:48,2,0,11
BRDA:48,2,1,10
BRDA:53,3,0,1
BRDA:53,3,1,1
BRDA:58,4,0,11
BRDA:58,4,1,12
BRDA:62,5,0,3
BRDA:62,5,1,8
BRDA:69,6,0,8
BRDA:69,6,1,4
BRDA:84,7,0,3
BRDA:84,7,1,2
BRDA:84,7,2,3
BRDA:84,7,3,3
BRDA:105,8,0,32
BRDA:105,8,1,31
BRDA:106,9,0,32
BRDA:106,9,1,32
BRDA:108,10,0,32
BRDA:108,10,1,29
BRDA:117,11,0,2
BRDA:117,11,1,2
BRDA:117,11,2,2
BRDA:117,11,3,2
BRDA:139,12,0,2
BRDA:139,12,1,2
BRDA:139,12,2,2
BRDA:139,12,3,2
BRDA:161,13,0,1
BRDA:161,13,1,1
BRDA:161,13,2,1
BRDA:161,13,3,1
BRF:36
BRH:36
end_of_record
